2018-03-03T13:48:06.965377Z 0 [Warning] TIMESTAMP with implicit DEFAULT value is deprecated. Please use --explicit_defaults_for_timestamp server option (see documentation for more details).
2018-03-03T13:48:06.965432Z 0 [Warning] 'NO_ZERO_DATE', 'NO_ZERO_IN_DATE' and 'ERROR_FOR_DIVISION_BY_ZERO' sql modes should be used with strict mode. They will be merged with strict mode in a future release.
2018-03-03T13:48:06.967360Z 0 [Note] C:\Program Files\MySQL\MySQL Server 5.7\bin\mysqld.exe (mysqld 5.7.21-log) starting as process 8816 ...
2018-03-03T13:48:06.975795Z 0 [Note] InnoDB: Mutexes and rw_locks use Windows interlocked functions
2018-03-03T13:48:06.978384Z 0 [Note] InnoDB: Uses event mutexes
2018-03-03T13:48:06.978693Z 0 [Note] InnoDB: _mm_lfence() and _mm_sfence() are used for memory barrier
2018-03-03T13:48:06.979088Z 0 [Note] InnoDB: Compressed tables use zlib 1.2.3
2018-03-03T13:48:06.979645Z 0 [Note] InnoDB: Number of pools: 1
2018-03-03T13:48:06.980017Z 0 [Note] InnoDB: Not using CPU crc32 instructions
2018-03-03T13:48:06.983173Z 0 [Note] InnoDB: Initializing buffer pool, total size = 128M, instances = 1, chunk size = 128M
2018-03-03T13:48:06.988673Z 0 [Note] InnoDB: Completed initialization of buffer pool
2018-03-03T13:48:07.027768Z 0 [Note] InnoDB: Highest supported file format is Barracuda.
2018-03-03T13:48:07.100646Z 0 [Note] InnoDB: Creating shared tablespace for temporary tables
2018-03-03T13:48:07.101601Z 0 [Note] InnoDB: Setting file '.\ibtmp1' size to 12 MB. Physically writing the file full; Please wait ...
2018-03-03T13:48:07.194981Z 0 [Note] InnoDB: File '.\ibtmp1' size is now 12 MB.
2018-03-03T13:48:07.219705Z 0 [Note] InnoDB: 96 redo rollback segment(s) found. 96 redo rollback segment(s) are active.
2018-03-03T13:48:07.220228Z 0 [Note] InnoDB: 32 non-redo rollback segment(s) are active.
2018-03-03T13:48:07.220814Z 0 [Note] InnoDB: Waiting for purge to start
2018-03-03T13:48:07.301307Z 0 [Note] InnoDB: 5.7.21 started; log sequence number 2551166
2018-03-03T13:48:07.302276Z 0 [Note] InnoDB: Loading buffer pool(s) from C:\Users\Adam\Documents\GitHub\ProjetTRANS\MySQL Server 5.7\Data\ib_buffer_pool
2018-03-03T13:48:07.302338Z 0 [Note] Plugin 'FEDERATED' is disabled.
2018-03-03T13:48:07.318917Z 0 [Warning] Failed to set up SSL because of the following SSL library error: SSL context is not usable without certificate and private key
2018-03-03T13:48:07.320069Z 0 [Note] Server hostname (bind-address): '*'; port: 3306
2018-03-03T13:48:07.320953Z 0 [Note] IPv6 is available.
2018-03-03T13:48:07.321404Z 0 [Note]   - '::' resolves to '::';
2018-03-03T13:48:07.321986Z 0 [Note] Server socket created on IP: '::'.
2018-03-03T13:48:07.329983Z 0 [Note] InnoDB: Buffer pool(s) load completed at 180303 14:48:07
2018-03-03T13:48:07.368232Z 0 [Note] Event Scheduler: Loaded 0 events
2018-03-03T13:48:07.368694Z 0 [Note] C:\Program Files\MySQL\MySQL Server 5.7\bin\mysqld.exe: ready for connections.
Version: '5.7.21-log'  socket: ''  port: 3306  MySQL Community Server (GPL)
2018-03-03T13:48:08.169891Z 2 [Note] Access denied for user ''@'localhost' (using password: NO)
